<?xml version="1.0" encoding="UTF-8"?>
<!-- Generated by org.testng.reporters.JUnitReportReporter -->
<testsuite hostname="DESKTOP-GM2LFFD" failures="0" tests="1" name="Projects.com.pagelogin.ButtenSubmissionPro" time="8.842" errors="0" timestamp="2023-02-05T20:05:00 BDT" skipped="0">
  <testcase classname="Projects.com.pagelogin.ButtenSubmissionPro" name="mainTest" time="8.842"/>
  <system-out/>
</testsuite> <!-- Projects.com.pagelogin.ButtenSubmissionPro -->
