<?xml version="1.0" encoding="UTF-8"?>
<!-- Generated by org.testng.reporters.JUnitReportReporter -->
<testsuite hostname="DESKTOP-GM2LFFD" failures="0" tests="1" name="Projects.com.pagelogin.login" time="25.902" errors="0" timestamp="2023-02-05T15:11:34 BDT" skipped="0">
  <testcase classname="Projects.com.pagelogin.login" name="mainTest" time="25.902"/>
  <system-out/>
</testsuite> <!-- Projects.com.pagelogin.login -->
